{
  "RSpec": {
    "coverage": {
      "/Users/mattthompson/Documents/dev-projects/Makers/Projects/Week_4/bookmark_manager/spec/bookmark_spec.rb": [
        1,
        null,
        1,
        1,
        1,
        1,
        null,
        null,
        1,
        1,
        1,
        null,
        1,
        null,
        1,
        1,
        1,
        null,
        null,
        null,
        1,
        1,
        1,
        1,
        null,
        null,
        null
      ],
      "/Users/mattthompson/Documents/dev-projects/Makers/Projects/Week_4/bookmark_manager/spec/features/add_bookmark_spec.rb": [
        null,
        null,
        null,
        null,
        1,
        null,
        1,
        1,
        1,
        1,
        1,
        1,
        null,
        null
      ],
      "/Users/mattthompson/Documents/dev-projects/Makers/Projects/Week_4/bookmark_manager/spec/features/homepage_spec.rb": [
        1,
        null,
        1,
        1,
        1,
        1,
        null,
        null,
        null
      ],
      "/Users/mattthompson/Documents/dev-projects/Makers/Projects/Week_4/bookmark_manager/spec/features/viewing_bookmarks_spec.rb": [
        1,
        null,
        1,
        1,
        null,
        null,
        1,
        1,
        1,
        null,
        1,
        null,
        1,
        1,
        1,
        null,
        null
      ]
    },
    "timestamp": 1553703924
  }
}
